<?xml version="1.0" encoding="UTF-8"?>
<!-- Generated by org.testng.reporters.JUnitReportReporter -->
<testsuite hostname="haoju" name="main.java.TestHttpClient.NewTest" tests="1" failures="0" timestamp="17 Jun 2016 09:13:35 GMT" time="0.009" errors="0">
  <testcase name="f" time="0.009" classname="main.java.TestHttpClient.NewTest"/>
</testsuite> <!-- main.java.TestHttpClient.NewTest -->
